Loading model from file models/es/output_graph_es.pbmm
TensorFlow: v2.3.0-6-g23ad988
DeepSpeech: v0.9.3-0-gf2e9c85
2021-03-09 14:16:35.865885: I tensorflow/core/platform/cpu_feature_guard.cc:142] This TensorFlow binary is optimized with oneAPI Deep Neural Network Library (oneDNN)to use the following CPU instructions in performance-critical operations:  AVX2 FMA
To enable them in other operations, rebuild TensorFlow with the appropriate compiler flags.
Loaded model in 0.0112s.
Loading scorer from files models/es/kenlm_es.scorer
Loaded scorer in 0.000146s.
Running inference.


[1/97]Took 4.969s for 13.166s audio file "audios/es_16k/Usuario_habla_de_Covid.wav", stt: "en internet usted podrá encontrar toda la información más actualizada que necesita saber sobre covic diecinueve por ahora puedo dar la información de temas de diabetes y obesidad"
[2/97]Took 1.498s for 4.206s audio file "audios/es_16k/Estado_Civil_de_Nobot_gGLavaj.wav", stt: "sólo soy un asistente virtual no tengo a mojes"
[3/97]Took 2.075s for 5.695s audio file "audios/es_16k/Feliz_Navidad.wav", stt: "no pudo ordes les desea una feliz navidad y un venturoso año nuevo"
[4/97]Took 2.363s for 6.478s audio file "audios/es_16k/Preguntas_de_sexualidad_N4u8VBY.wav", stt: "no estoy programada para responder este tipo de pregunta con qué otra cosa puedo ayudarle"
[5/97]Took 0.523s for 1.463s audio file "audios/es_16k/Usuario_dice_a_Nobot_que_cante_XUh3Bz9.wav", stt: "no te gustará"
[6/97]Took 1.162s for 3.213s audio file "audios/es_16k/Velocidad_de_respuesta_del_bot_vrQ6iDj.wav", stt: "me gusta tenderle lo más rápido que pueda"
[7/97]Took 0.817s for 2.299s audio file "audios/es_16k/Usuario_pregunta_si_Nobot_tiene_novio_ifvImVK.wav", stt: "soy un ni relacional"
[8/97]Took 3.547s for 9.900s audio file "audios/es_16k/Día_del_medico_sGMtv3Q.wav", stt: "el veintitrés de octubre se celebra el día nacional del médico profesionales que día a día luchan por salvar la vida de muchas personas"
[9/97]Took 2.056s for 5.695s audio file "audios/es_16k/Usuario_está_de_acuerdo_BlIBKdt.wav", stt: "perfecto si usted necesita que le ayuda en algo más sólo tiene que decirme lo"
[10/97]Took 0.770s for 2.142s audio file "audios/es_16k/Para_quien_trabaja_el_robot_IW03rvR.wav", stt: "trabajo para no menores"
[11/97]Took 1.380s for 3.866s audio file "audios/es_16k/Usuario_dice_que_el_robot_es_muy_bueno.wav", stt: "mi premura es poder asistirle con excelencia"
[12/97]Took 1.162s for 3.213s audio file "audios/es_16k/Velocidad_de_respuesta_del_bot.wav", stt: "me gusta tenderle lo más rápido que pueda"
[13/97]Took 1.018s for 2.769s audio file "audios/es_16k/Usuario_da_las_gracias.wav", stt: "ven nada siempre estoy a su orden"
[14/97]Took 3.550s for 8.229s audio file "audios/es_16k/Usuario_esta_enfermo_1pGuTsr.wav", stt: "siento mucho lo que le sucede le recomiendo consultar a un profesional de la salud para que le dé un buen seguimiento"
[15/97]Took 3.277s for 8.020s audio file "audios/es_16k/Despedida.wav", stt: "hasta pronto sólo antes de que usted se vaya apoyen los como una encuesta puede presionar el botón en pantalla"
[16/97]Took 1.499s for 3.918s audio file "audios/es_16k/Usuario_pregunta_si_el_robot_duerme_JcWnrtE.wav", stt: "yo no tomo si estas me gusta estar siempre activa"
[17/97]Took 3.568s for 9.247s audio file "audios/es_16k/Usuario_dice_a_Nobot_q_es_muy_inteligente_LLoW9LQ.wav", stt: "nosotros los agentes inteligentes realmente no nos sometemos a pruebas de cociente intelectual pero le contestaré en lo que se"
[18/97]Took 1.056s for 2.769s audio file "audios/es_16k/Usuario_da_las_gracias_wXJzddf.wav", stt: "ven nada siempre estoy a su orden"
[19/97]Took 2.433s for 6.478s audio file "audios/es_16k/Saludo.wav", stt: "es un gusto poder atenderte dime en qué puedo ayudarle"
[20/97]Took 3.095s for 8.202s audio file "audios/es_16k/Para_que_fuiste_creada_BIMFSUY.wav", stt: "fue creada para responder dudas sobre diabetes y obesidad intenta ser una pregunta de estos temas"
[21/97]Took 1.698s for 4.441s audio file "audios/es_16k/Dia_de_la_diabetes.wav", stt: "el día mundial de la diabetes es el catorce de noviembre"
[22/97]Took 2.417s for 6.139s audio file "audios/es_16k/De_que_sabe_hablar_nobot_M6K4Vc8.wav", stt: "veamos soy experta en diabetes y obesidad intenta ser una pregunta"
[23/97]Took 3.069s for 8.020s audio file "audios/es_16k/Usuario_pregunta_que_puede_hacer_Nobot.wav", stt: "es sido programada para contestar preguntas acerca de diabetes y obesidad intente hacerme una pregunta"
[24/97]Took 1.984s for 5.486s audio file "audios/es_16k/Probando_Tamie_YlkABQT.wav", stt: "listo para vender de un delicioso producto de barcel y ricolino"
[25/97]Took 1.868s for 5.172s audio file "audios/es_16k/Que_significa_Nobot.wav", stt: "mi nombre viene de novo norris mezclado con robot no bot"
[26/97]Took 1.151s for 3.161s audio file "audios/es_16k/Usuario_pregunta_si_Nobot_esta_segura_d_lo_que_dice.wav", stt: "claro que si no gano nada como mentir"
[27/97]Took 0.295s for 0.810s audio file "audios/es_16k/Doctor_favorito.wav", stt: "usted"
[28/97]Took 0.529s for 1.463s audio file "audios/es_16k/Usuario_dice_a_Nobot_que_cante.wav", stt: "no te gustará"
[29/97]Took 0.813s for 2.299s audio file "audios/es_16k/Usuario_pregunta_si_Nobot_tiene_novio.wav", stt: "soy un ni relacional"
[30/97]Took 3.336s for 9.247s audio file "audios/es_16k/Usuario_dice_a_Nobot_q_es_muy_inteligente.wav", stt: "nosotros los agentes inteligentes realmente no nos sometemos a pruebas de cociente intelectual pero le contestaré en lo que se"
[31/97]Took 1.992s for 5.538s audio file "audios/es_16k/Usuario_pregunta_si_nobot_tiene_novio_2_gtUk7P1.wav", stt: "mi contrato de licencia de usuario final es un compromiso suficiente para mí"
[32/97]Took 1.168s for 3.213s audio file "audios/es_16k/Usuario_Consulta_fecha_y_hora.wav", stt: "esa información no la tengo lo siento"
[33/97]Took 2.335s for 6.478s audio file "audios/es_16k/Usuario_habla_de_seres_humanos.wav", stt: "los seres humanos son extraordinarios y poseen una capacidad intelectual admirable"
[34/97]Took 2.176s for 6.113s audio file "audios/es_16k/Usuario_pregunta_si_nobot_disfruta_trabajar.wav", stt: "me encanta mi labor atender a personas como usted es mi satisfacción"
[35/97]Took 0.634s for 1.776s audio file "audios/es_16k/Usuario_expresa_odio_al_robot.wav", stt: "lamentos cucharas son"
[36/97]Took 2.352s for 6.478s audio file "audios/es_16k/Preguntas_de_sexualidad.wav", stt: "no estoy programada para responder este tipo de pregunta con qué otra cosa puedo ayudarle"
[37/97]Took 0.772s for 2.168s audio file "audios/es_16k/Usuario_dice_a_Nobot_que_cante_2_PLrUlCm.wav", stt: "sabes que no puedo cantar"
[38/97]Took 1.150s for 3.239s audio file "audios/es_16k/Usuario_pregunta_al_robot_si_lo_qiere.wav", stt: "son un grupo no tengo sentimientos"
[39/97]Took 0.776s for 2.168s audio file "audios/es_16k/Usuario_dice_a_Nobot_que_cante_2.wav", stt: "sabes que no puedo cantar"
[40/97]Took 0.906s for 2.586s audio file "audios/es_16k/Usuario_expresa_amor_al_robot_T2ArXp2.wav", stt: "gracias eres increíble"
[41/97]Took 2.270s for 6.478s audio file "audios/es_16k/Saludo_LGAiBl5.wav", stt: "es un gusto poder atenderte dime en qué puedo ayudarle"
[42/97]Took 2.271s for 6.478s audio file "audios/es_16k/Saludo_in8MbO6.wav", stt: "es un gusto poder atenderte dime en qué puedo ayudarle"
[43/97]Took 2.047s for 5.695s audio file "audios/es_16k/Usuario_está_de_acuerdo.wav", stt: "perfecto si usted necesita que le ayuda en algo más sólo tiene que decirme lo"
[44/97]Took 1.270s for 3.579s audio file "audios/es_16k/Default.wav", stt: "lo siento intente hacerme otra pregunta"
[45/97]Took 2.971s for 8.229s audio file "audios/es_16k/Usuario_esta_enfermo.wav", stt: "siento mucho lo que le sucede le recomiendo consultar a un profesional de la salud para que le dé un buen seguimiento"
[46/97]Took 2.047s for 5.695s audio file "audios/es_16k/Feliz_Navidad_Zat9M85.wav", stt: "no pudo ordes les desea una feliz navidad y un venturoso año nuevo"
[47/97]Took 2.179s for 6.113s audio file "audios/es_16k/Usuario_pregunta_si_nobot_disfruta_trabajar_muJCgCn.wav", stt: "me encanta mi labor atender a personas como usted es mi satisfacción"
[48/97]Took 1.083s for 3.030s audio file "audios/es_16k/Donde_vive_Nobot_bPqkRZP.wav", stt: "vivo en las oficinas de novo nortes"
[49/97]Took 1.632s for 4.571s audio file "audios/es_16k/Usuario_desea_desactivar_el_robot.wav", stt: "lo siento pero usted no está autorizado para desactivar me"
[50/97]Took 1.593s for 4.441s audio file "audios/es_16k/Dia_de_la_diabetes_w5Sucps.wav", stt: "el día mundial de la diabetes es el catorce de noviembre"
[51/97]Took 2.884s for 8.020s audio file "audios/es_16k/Despedida_kivT9Sy.wav", stt: "hasta pronto sólo antes de que usted se vaya apoyen los como una encuesta puede presionar el botón en pantalla"
[52/97]Took 1.267s for 3.579s audio file "audios/es_16k/Default_RtIWBmm.wav", stt: "lo siento intente hacerme otra pregunta"
[53/97]Took 2.178s for 6.139s audio file "audios/es_16k/De_que_sabe_hablar_nobot.wav", stt: "veamos soy experta en diabetes y obesidad intenta ser una pregunta"
[54/97]Took 1.503s for 4.206s audio file "audios/es_16k/Estado_Civil_de_Nobot.wav", stt: "sólo soy un asistente virtual no tengo a mojes"
[55/97]Took 1.405s for 3.945s audio file "audios/es_16k/Usuario_pide_un_chiste.wav", stt: "los ciento cuando cuenta un chiste olvido al final"
[56/97]Took 2.928s for 8.202s audio file "audios/es_16k/Para_que_fuiste_creada.wav", stt: "fue creada para responder dudas sobre diabetes y obesidad intenta ser una pregunta de estos temas"
[57/97]Took 1.150s for 3.239s audio file "audios/es_16k/Usuario_pregunta_al_robot_si_lo_qiere_yCsXX1e.wav", stt: "son un grupo no tengo sentimientos"
[58/97]Took 1.733s for 4.833s audio file "audios/es_16k/Usuario_esta_feliz-emocionado-contento.wav", stt: "qué grato escuchar eso la felicidad es buena para la salud"
[59/97]Took 1.561s for 4.310s audio file "audios/es_16k/Que_cantidad_de_preguntas_responde_Nobot_rsXwAhU.wav", stt: "pues es responder muchas preguntas fue entrenada para eso"
[60/97]Took 1.747s for 4.833s audio file "audios/es_16k/Usuario_esta_feliz-emocionado-contento_mnVXXCb.wav", stt: "qué grato escuchar eso la felicidad es buena para la salud"
[61/97]Took 1.953s for 5.486s audio file "audios/es_16k/Probando_Tamie_9B4a8qo.wav", stt: "listo para vender de un delicioso producto de barcel y ricolino"
[62/97]Took 2.412s for 6.478s audio file "audios/es_16k/Usuario_habla_de_seres_humanos_VnMFETd.wav", stt: "los seres humanos son extraordinarios y poseen una capacidad intelectual admirable"
[63/97]Took 1.089s for 3.030s audio file "audios/es_16k/Donde_vive_Nobot.wav", stt: "vivo en las oficinas de novo nortes"
[64/97]Took 2.926s for 8.020s audio file "audios/es_16k/Usuario_pregunta_que_puede_hacer_Nobot_BLVVeTV.wav", stt: "es sido programada para contestar preguntas acerca de diabetes y obesidad intente hacerme una pregunta"
[65/97]Took 1.414s for 3.918s audio file "audios/es_16k/Usuario_pregunta_si_el_robot_duerme.wav", stt: "yo no tomo si estas me gusta estar siempre activa"
[66/97]Took 1.993s for 5.486s audio file "audios/es_16k/Probando_Tamie_HfSVJ5B.wav", stt: "listo para vender de un delicioso producto de barcel y ricolino"
[67/97]Took 2.451s for 6.478s audio file "audios/es_16k/Saludo_Sq4VYjE.wav", stt: "es un gusto poder atenderte dime en qué puedo ayudarle"
[68/97]Took 1.286s for 3.213s audio file "audios/es_16k/Usuario_Consulta_fecha_y_hora_BfKmc3Y.wav", stt: "esa información no la tengo lo siento"
[69/97]Took 4.932s for 13.166s audio file "audios/es_16k/Usuario_habla_de_Covid_UkTyhuT.wav", stt: "en internet usted podrá encontrar toda la información más actualizada que necesita saber sobre covic diecinueve por ahora puedo dar la información de temas de diabetes y obesidad"
[70/97]Took 1.625s for 4.206s audio file "audios/es_16k/Dia_mundial_contra_la_obesidad.wav", stt: "el día mundial contra la obesidad es el cuatro de marzo"
[71/97]Took 1.066s for 2.586s audio file "audios/es_16k/Usuario_expresa_amor_al_robot.wav", stt: "gracias eres increíble"
[72/97]Took 2.229s for 5.486s audio file "audios/es_16k/Probando_Tamie_z5Ozwf5.wav", stt: "listo para vender de un delicioso producto de barcel y ricolino"
[73/97]Took 1.840s for 4.937s audio file "audios/es_16k/Como_se_llama_el_robot.wav", stt: "me llamo no vote y estoy para asistirle en todo lo que necesite"
[74/97]Took 1.133s for 3.161s audio file "audios/es_16k/Usuario_pregunta_si_Nobot_esta_segura_d_lo_que_dice_FZSJrRV.wav", stt: "claro que si no gano nada como mentir"
[75/97]Took 1.958s for 5.172s audio file "audios/es_16k/Que_significa_Nobot_eiZIy52.wav", stt: "mi nombre viene de novo norris mezclado con robot no bot"
[76/97]Took 2.722s for 7.184s audio file "audios/es_16k/Usuario_pide_a_nobot_ser_amigos_vdmXugt.wav", stt: "aquí estoy siempre a su disposición así que si lo desea podemos ser grandes amigos"
[77/97]Took 0.319s for 0.810s audio file "audios/es_16k/Doctor_favorito_oiR8h6B.wav", stt: "usted"
[78/97]Took 1.871s for 4.310s audio file "audios/es_16k/Que_cantidad_de_preguntas_responde_Nobot.wav", stt: "pues es responder muchas preguntas fue entrenada para eso"
[79/97]Took 1.398s for 3.500s audio file "audios/es_16k/Usuario_pregunta_por_el_clima_VN7DrKQ.wav", stt: "lo siento no soy ese tipo de asistente"
[80/97]Took 2.240s for 5.512s audio file "audios/es_16k/Cumpleaños_de_nobot_dxQfOZj.wav", stt: "no tengo cumpleaños pero fue creada en febrero de dos mil veintiuno"
[81/97]Took 2.104s for 5.486s audio file "audios/es_16k/Probando_Tamie.wav", stt: "listo para vender de un delicioso producto de barcel y ricolino"
[82/97]Took 0.813s for 2.142s audio file "audios/es_16k/Para_quien_trabaja_el_robot.wav", stt: "trabajo para no bonares"
[83/97]Took 2.224s for 5.512s audio file "audios/es_16k/Cumpleaños_de_nobot.wav", stt: "no tengo cumpleaños pero fue creada en febrero de dos mil veintiuno"
[84/97]Took 2.223s for 5.538s audio file "audios/es_16k/Usuario_pregunta_si_nobot_tiene_novio_2.wav", stt: "mi contrato de licencia de usuario final es un compromiso suficiente para mí"
[85/97]Took 2.672s for 7.184s audio file "audios/es_16k/Usuario_pide_a_nobot_ser_amigos.wav", stt: "aquí estoy siempre a su disposición así que si lo desea podemos ser grandes amigos"
[86/97]Took 1.600s for 4.206s audio file "audios/es_16k/Dia_mundial_contra_la_obesidad_QFymKxv.wav", stt: "el día mundial contra la obesidad es el cuatro de marzo"
[87/97]Took 1.822s for 4.937s audio file "audios/es_16k/Como_se_llama_el_robot_3WAlyhk.wav", stt: "me llamo no vote y estoy para asistirle en todo lo que necesite"
[88/97]Took 2.253s for 6.087s audio file "audios/es_16k/Usuario_pregunta_como_está_el_bot_ekbK4TQ.wav", stt: "gracias por estar pendientes de mí yo siempre estoy muy bien y disponible para ayudarle"
[89/97]Took 0.653s for 1.776s audio file "audios/es_16k/Usuario_expresa_odio_al_robot_yFLYHK3.wav", stt: "lamentos cucharas son"
[90/97]Took 1.671s for 4.571s audio file "audios/es_16k/Usuario_desea_desactivar_el_robot_SKfWQMX.wav", stt: "lo siento pero usted no está autorizado para desactivar me"
[91/97]Took 1.446s for 3.945s audio file "audios/es_16k/Usuario_pide_un_chiste_nYuzh8L.wav", stt: "los ciento cuando cuenta un chiste olvido al final"
[92/97]Took 1.274s for 3.500s audio file "audios/es_16k/Usuario_pregunta_por_el_clima.wav", stt: "lo siento no soy ese tipo de asistente"
[93/97]Took 1.405s for 3.866s audio file "audios/es_16k/Usuario_dice_que_el_robot_es_muy_bueno_EkqDbEG.wav", stt: "mi premura es poder asistirle con excelencia"
[94/97]Took 1.084s for 2.978s audio file "audios/es_16k/Usuario_dice_que_el_robot_es_divertido.wav", stt: "es un placer poder ser de su agrado"
[95/97]Took 2.243s for 6.087s audio file "audios/es_16k/Usuario_pregunta_como_está_el_bot.wav", stt: "gracias por estar pendientes de mí yo siempre estoy muy bien y disponible para ayudarle"
[96/97]Took 1.099s for 2.978s audio file "audios/es_16k/Usuario_dice_que_el_robot_es_divertido_q9dk7dr.wav", stt: "es un placer poder ser de su agrado"
[97/97]Took 3.644s for 9.900s audio file "audios/es_16k/Día_del_medico.wav", stt: "el veintitrés de octubre se celebra el día nacional del médico profesionales que día a día luchan por salvar la vida de muchas personas"
END
All inferences took 180.043s for 485.407s of audios
